{"name":"Log","hostname":"ip-172-16-1-241","pid":28908,"level":30,"msg":"Creating table: posts","time":"2019-04-29T22:47:44.366Z","v":0}
{"name":"Log","hostname":"ip-172-16-1-241","pid":28908,"level":30,"msg":"Creating table: users","time":"2019-04-29T22:47:44.383Z","v":0}
{"name":"Log","hostname":"ip-172-16-1-241","pid":28908,"level":30,"msg":"Creating table: posts_authors","time":"2019-04-29T22:47:44.402Z","v":0}
{"name":"Log","hostname":"ip-172-16-1-241","pid":28908,"level":30,"msg":"Creating table: roles","time":"2019-04-29T22:47:44.411Z","v":0}
{"name":"Log","hostname":"ip-172-16-1-241","pid":28908,"level":30,"msg":"Creating table: roles_users","time":"2019-04-29T22:47:44.426Z","v":0}
{"name":"Log","hostname":"ip-172-16-1-241","pid":28908,"level":30,"msg":"Creating table: permissions","time":"2019-04-29T22:47:44.435Z","v":0}
{"name":"Log","hostname":"ip-172-16-1-241","pid":28908,"level":30,"msg":"Creating table: permissions_users","time":"2019-04-29T22:47:44.449Z","v":0}
{"name":"Log","hostname":"ip-172-16-1-241","pid":28908,"level":30,"msg":"Creating table: permissions_roles","time":"2019-04-29T22:47:44.455Z","v":0}
{"name":"Log","hostname":"ip-172-16-1-241","pid":28908,"level":30,"msg":"Creating table: permissions_apps","time":"2019-04-29T22:47:44.462Z","v":0}
{"name":"Log","hostname":"ip-172-16-1-241","pid":28908,"level":30,"msg":"Creating table: settings","time":"2019-04-29T22:47:44.469Z","v":0}
{"name":"Log","hostname":"ip-172-16-1-241","pid":28908,"level":30,"msg":"Creating table: tags","time":"2019-04-29T22:47:44.481Z","v":0}
{"name":"Log","hostname":"ip-172-16-1-241","pid":28908,"level":30,"msg":"Creating table: posts_tags","time":"2019-04-29T22:47:44.494Z","v":0}
{"name":"Log","hostname":"ip-172-16-1-241","pid":28908,"level":30,"msg":"Creating table: apps","time":"2019-04-29T22:47:44.502Z","v":0}
{"name":"Log","hostname":"ip-172-16-1-241","pid":28908,"level":30,"msg":"Creating table: app_settings","time":"2019-04-29T22:47:44.523Z","v":0}
{"name":"Log","hostname":"ip-172-16-1-241","pid":28908,"level":30,"msg":"Creating table: app_fields","time":"2019-04-29T22:47:44.539Z","v":0}
{"name":"Log","hostname":"ip-172-16-1-241","pid":28908,"level":30,"msg":"Creating table: clients","time":"2019-04-29T22:47:44.546Z","v":0}
{"name":"Log","hostname":"ip-172-16-1-241","pid":28908,"level":30,"msg":"Creating table: client_trusted_domains","time":"2019-04-29T22:47:44.562Z","v":0}
{"name":"Log","hostname":"ip-172-16-1-241","pid":28908,"level":30,"msg":"Creating table: accesstokens","time":"2019-04-29T22:47:44.570Z","v":0}
{"name":"Log","hostname":"ip-172-16-1-241","pid":28908,"level":30,"msg":"Creating table: refreshtokens","time":"2019-04-29T22:47:44.589Z","v":0}
{"name":"Log","hostname":"ip-172-16-1-241","pid":28908,"level":30,"msg":"Creating table: subscribers","time":"2019-04-29T22:47:44.608Z","v":0}
{"name":"Log","hostname":"ip-172-16-1-241","pid":28908,"level":30,"msg":"Creating table: invites","time":"2019-04-29T22:47:44.623Z","v":0}
{"name":"Log","hostname":"ip-172-16-1-241","pid":28908,"level":30,"msg":"Creating table: brute","time":"2019-04-29T22:47:44.644Z","v":0}
{"name":"Log","hostname":"ip-172-16-1-241","pid":28908,"level":30,"msg":"Creating table: webhooks","time":"2019-04-29T22:47:44.651Z","v":0}
{"name":"Log","hostname":"ip-172-16-1-241","pid":28908,"level":30,"msg":"Creating table: sessions","time":"2019-04-29T22:47:44.658Z","v":0}
{"name":"Log","hostname":"ip-172-16-1-241","pid":28908,"level":30,"msg":"Creating table: integrations","time":"2019-04-29T22:47:44.670Z","v":0}
{"name":"Log","hostname":"ip-172-16-1-241","pid":28908,"level":30,"msg":"Creating table: api_keys","time":"2019-04-29T22:47:44.682Z","v":0}
{"name":"Log","hostname":"ip-172-16-1-241","pid":28908,"level":30,"msg":"Creating table: mobiledoc_revisions","time":"2019-04-29T22:47:44.694Z","v":0}
{"name":"Log","hostname":"ip-172-16-1-241","pid":28908,"level":30,"msg":"Creating table: members","time":"2019-04-29T22:47:44.710Z","v":0}
{"name":"Log","hostname":"ip-172-16-1-241","pid":28908,"level":30,"msg":"Creating table: actions","time":"2019-04-29T22:47:44.726Z","v":0}
{"name":"Log","hostname":"ip-172-16-1-241","pid":28908,"level":30,"msg":"Model: Tag","time":"2019-04-29T22:47:44.744Z","v":0}
{"name":"Log","hostname":"ip-172-16-1-241","pid":28908,"level":30,"msg":"Model: Client","time":"2019-04-29T22:47:44.762Z","v":0}
{"name":"Log","hostname":"ip-172-16-1-241","pid":28908,"level":30,"msg":"Model: Role","time":"2019-04-29T22:47:44.776Z","v":0}
{"name":"Log","hostname":"ip-172-16-1-241","pid":28908,"level":30,"msg":"Model: Permission","time":"2019-04-29T22:47:44.793Z","v":0}
{"name":"Log","hostname":"ip-172-16-1-241","pid":28908,"level":30,"msg":"Model: User","time":"2019-04-29T22:47:45.020Z","v":0}
{"name":"Log","hostname":"ip-172-16-1-241","pid":28908,"level":30,"msg":"Model: Post","time":"2019-04-29T22:47:45.343Z","v":0}
{"name":"Log","hostname":"ip-172-16-1-241","pid":28908,"level":30,"msg":"Model: Integration","time":"2019-04-29T22:47:45.552Z","v":0}
{"name":"Log","hostname":"ip-172-16-1-241","pid":28908,"level":30,"msg":"Relation: Role to Permission","time":"2019-04-29T22:47:45.563Z","v":0}
{"name":"Log","hostname":"ip-172-16-1-241","pid":28908,"level":30,"msg":"Relation: Post to Tag","time":"2019-04-29T22:47:45.824Z","v":0}
{"name":"Log","hostname":"ip-172-16-1-241","pid":28908,"level":30,"msg":"Relation: User to Role","time":"2019-04-29T22:47:45.856Z","v":0}
{"name":"Log","hostname":"ip-172-16-1-241","pid":28908,"level":30,"msg":"Ghost is running in development...","time":"2019-04-29T22:47:47.266Z","v":0}
{"name":"Log","hostname":"ip-172-16-1-241","pid":28908,"level":30,"msg":"Listening on: 127.0.0.1:2368","time":"2019-04-29T22:47:47.267Z","v":0}
{"name":"Log","hostname":"ip-172-16-1-241","pid":28908,"level":30,"msg":"Url configured as: http://localhost:2368/","time":"2019-04-29T22:47:47.268Z","v":0}
{"name":"Log","hostname":"ip-172-16-1-241","pid":28908,"level":30,"msg":"Ctrl+C to shut down","time":"2019-04-29T22:47:47.269Z","v":0}
{"name":"Log","hostname":"ip-172-16-1-241","pid":28908,"level":30,"msg":"Ghost boot 3.794s","time":"2019-04-29T22:47:47.271Z","v":0}
{"name":"Log","hostname":"ip-172-16-1-241","pid":28908,"level":40,"msg":"Ghost has shut down","time":"2019-04-29T22:48:23.931Z","v":0}
{"name":"Log","hostname":"ip-172-16-1-241","pid":29265,"level":30,"msg":"Ghost is running in development...","time":"2019-04-29T22:48:55.494Z","v":0}
{"name":"Log","hostname":"ip-172-16-1-241","pid":29265,"level":30,"msg":"Listening on: 0.0.0.0:2368","time":"2019-04-29T22:48:55.496Z","v":0}
{"name":"Log","hostname":"ip-172-16-1-241","pid":29265,"level":30,"msg":"Url configured as: http://localhost:2368/","time":"2019-04-29T22:48:55.497Z","v":0}
{"name":"Log","hostname":"ip-172-16-1-241","pid":29265,"level":30,"msg":"Ctrl+C to shut down","time":"2019-04-29T22:48:55.497Z","v":0}
{"name":"Log","hostname":"ip-172-16-1-241","pid":29265,"level":30,"msg":"Ghost boot 2.167s","time":"2019-04-29T22:48:55.503Z","v":0}
{"name":"Log","hostname":"ip-172-16-1-241","pid":29265,"level":30,"req":{"meta":{"requestId":"0610bc60-6ad1-11e9-bd2d-818bf29ad70c","userId":null},"url":"/","method":"GET","originalUrl":"/","params":{},"headers":{"host":"ec2-3-90-34-22.compute-1.amazonaws.com:2368","connection":"keep-alive","upgrade-insecure-requests":"1","user-agent":"Mozilla/5.0 (Macintosh; Intel Mac OS X 10_14_4) AppleWebKit/537.36 (KHTML, like Gecko) Chrome/73.0.3683.86 Safari/537.36","dnt":"1","accept":"text/html,application/xhtml+xml,application/xml;q=0.9,image/webp,image/apng,*/*;q=0.8,application/signed-exchange;v=b3","accept-encoding":"gzip, deflate","accept-language":"en-US,en;q=0.9","cookie":"**REDACTED**"},"query":{}},"res":{"_headers":{"x-powered-by":"Express","cache-control":"public, max-age=0","content-type":"text/html; charset=utf-8","etag":"W/\"54bd-Iql2WXEcgvX31g49WvNTMsmudtM\"","vary":"Accept-Encoding","content-encoding":"gzip"},"statusCode":200,"responseTime":"352ms"},"msg":"","time":"2019-04-29T22:49:19.752Z","v":0}
{"name":"Log","hostname":"ip-172-16-1-241","pid":29265,"level":30,"req":{"meta":{"requestId":"064e1380-6ad1-11e9-bd2d-818bf29ad70c","userId":null},"url":"/assets/built/screen.css?v=337dad6477","method":"GET","originalUrl":"/assets/built/screen.css?v=337dad6477","params":{},"headers":{"host":"ec2-3-90-34-22.compute-1.amazonaws.com:2368","connection":"keep-alive","user-agent":"Mozilla/5.0 (Macintosh; Intel Mac OS X 10_14_4) AppleWebKit/537.36 (KHTML, like Gecko) Chrome/73.0.3683.86 Safari/537.36","dnt":"1","accept":"text/css,*/*;q=0.1","referer":"http://ec2-3-90-34-22.compute-1.amazonaws.com:2368/","accept-encoding":"gzip, deflate","accept-language":"en-US,en;q=0.9","cookie":"**REDACTED**"},"query":{"v":"337dad6477"}},"res":{"_headers":{"x-powered-by":"Express","accept-ranges":"bytes","cache-control":"public, max-age=0","last-modified":"Sat, 26 Oct 1985 08:15:00 GMT","etag":"W/\"9e68-7438674ba0\"","content-type":"text/css; charset=UTF-8","vary":"Accept-Encoding","content-encoding":"gzip"},"statusCode":200,"responseTime":"7ms"},"msg":"","time":"2019-04-29T22:49:19.808Z","v":0}
{"name":"Log","hostname":"ip-172-16-1-241","pid":29265,"level":30,"req":{"meta":{"requestId":"065dcaf0-6ad1-11e9-bd2d-818bf29ad70c","userId":null},"url":"/assets/built/jquery.fitvids.js?v=337dad6477","method":"GET","originalUrl":"/assets/built/jquery.fitvids.js?v=337dad6477","params":{},"headers":{"host":"ec2-3-90-34-22.compute-1.amazonaws.com:2368","connection":"keep-alive","user-agent":"Mozilla/5.0 (Macintosh; Intel Mac OS X 10_14_4) AppleWebKit/537.36 (KHTML, like Gecko) Chrome/73.0.3683.86 Safari/537.36","dnt":"1","accept":"*/*","referer":"http://ec2-3-90-34-22.compute-1.amazonaws.com:2368/","accept-encoding":"gzip, deflate","accept-language":"en-US,en;q=0.9","cookie":"**REDACTED**"},"query":{"v":"337dad6477"}},"res":{"_headers":{"x-powered-by":"Express","accept-ranges":"bytes","cache-control":"public, max-age=0","last-modified":"Sat, 26 Oct 1985 08:15:00 GMT","etag":"W/\"777-7438674ba0\"","content-type":"application/javascript; charset=UTF-8","vary":"Accept-Encoding","content-encoding":"gzip"},"statusCode":200,"responseTime":"2ms"},"msg":"","time":"2019-04-29T22:49:19.906Z","v":0}
{"name":"Log","hostname":"ip-172-16-1-241","pid":29265,"level":30,"req":{"meta":{"requestId":"065e4020-6ad1-11e9-bd2d-818bf29ad70c","userId":null},"url":"/assets/built/infinitescroll.js?v=337dad6477","method":"GET","originalUrl":"/assets/built/infinitescroll.js?v=337dad6477","params":{},"headers":{"host":"ec2-3-90-34-22.compute-1.amazonaws.com:2368","connection":"keep-alive","user-agent":"Mozilla/5.0 (Macintosh; Intel Mac OS X 10_14_4) AppleWebKit/537.36 (KHTML, like Gecko) Chrome/73.0.3683.86 Safari/537.36","dnt":"1","accept":"*/*","referer":"http://ec2-3-90-34-22.compute-1.amazonaws.com:2368/","accept-encoding":"gzip, deflate","accept-language":"en-US,en;q=0.9","cookie":"**REDACTED**"},"query":{"v":"337dad6477"}},"res":{"_headers":{"x-powered-by":"Express","accept-ranges":"bytes","cache-control":"public, max-age=0","last-modified":"Sat, 26 Oct 1985 08:15:00 GMT","etag":"W/\"3f0-7438674ba0\"","content-type":"application/javascript; charset=UTF-8","content-length":1008,"vary":"Accept-Encoding"},"statusCode":200,"responseTime":"2ms"},"msg":"","time":"2019-04-29T22:49:19.909Z","v":0}
{"name":"Log","hostname":"ip-172-16-1-241","pid":29265,"level":30,"req":{"meta":{"requestId":"06c4a310-6ad1-11e9-bd2d-818bf29ad70c","userId":null},"url":"/favicon.ico","method":"GET","originalUrl":"/favicon.ico","params":{},"headers":{"host":"ec2-3-90-34-22.compute-1.amazonaws.com:2368","connection":"keep-alive","user-agent":"Mozilla/5.0 (Macintosh; Intel Mac OS X 10_14_4) AppleWebKit/537.36 (KHTML, like Gecko) Chrome/73.0.3683.86 Safari/537.36","dnt":"1","accept":"image/webp,image/apng,image/*,*/*;q=0.8","referer":"http://ec2-3-90-34-22.compute-1.amazonaws.com:2368/","accept-encoding":"gzip, deflate","accept-language":"en-US,en;q=0.9","cookie":"**REDACTED**"},"query":{}},"res":{"_headers":{"x-powered-by":"Express","content-type":"image/x-icon","etag":"\"36e47e74810a0d8c32a77f495c49cf8e\"","cache-control":"public, max-age=86400","vary":"Accept-Encoding","content-encoding":"gzip"},"statusCode":200,"responseTime":"2ms"},"msg":"","time":"2019-04-29T22:49:20.580Z","v":0}
{"name":"Log","hostname":"ip-172-16-1-241","pid":29265,"level":30,"req":{"meta":{"requestId":"151b4a90-6ad1-11e9-bd2d-818bf29ad70c","userId":null},"url":"/admin-settings/","method":"GET","originalUrl":"/admin-settings/","params":{"slug":"admin-settings"},"headers":{"host":"ec2-3-90-34-22.compute-1.amazonaws.com:2368","connection":"keep-alive","upgrade-insecure-requests":"1","dnt":"1","user-agent":"Mozilla/5.0 (Macintosh; Intel Mac OS X 10_14_4) AppleWebKit/537.36 (KHTML, like Gecko) Chrome/73.0.3683.86 Safari/537.36","accept":"text/html,application/xhtml+xml,application/xml;q=0.9,image/webp,image/apng,*/*;q=0.8,application/signed-exchange;v=b3","referer":"http://ec2-3-90-34-22.compute-1.amazonaws.com:2368/","accept-encoding":"gzip, deflate","accept-language":"en-US,en;q=0.9","cookie":"**REDACTED**"},"query":{}},"res":{"_headers":{"x-powered-by":"Express","cache-control":"public, max-age=0","content-type":"text/html; charset=utf-8","etag":"W/\"5aba-BsO2YPEMKu0qXDaY45a7VWJVdtI\"","vary":"Accept-Encoding","content-encoding":"gzip"},"statusCode":200,"responseTime":"213ms"},"msg":"","time":"2019-04-29T22:49:44.847Z","v":0}
{"name":"Log","hostname":"ip-172-16-1-241","pid":29265,"level":30,"req":{"meta":{"requestId":"15519cd0-6ad1-11e9-bd2d-818bf29ad70c","userId":null},"url":"/assets/built/jquery.fitvids.js?v=337dad6477","method":"GET","originalUrl":"/assets/built/jquery.fitvids.js?v=337dad6477","params":{},"headers":{"host":"ec2-3-90-34-22.compute-1.amazonaws.com:2368","connection":"keep-alive","dnt":"1","if-none-match":"W/\"777-7438674ba0\"","if-modified-since":"Sat, 26 Oct 1985 08:15:00 GMT","user-agent":"Mozilla/5.0 (Macintosh; Intel Mac OS X 10_14_4) AppleWebKit/537.36 (KHTML, like Gecko) Chrome/73.0.3683.86 Safari/537.36","accept":"*/*","referer":"http://ec2-3-90-34-22.compute-1.amazonaws.com:2368/admin-settings/","accept-encoding":"gzip, deflate","accept-language":"en-US,en;q=0.9","cookie":"**REDACTED**"},"query":{"v":"337dad6477"}},"res":{"_headers":{"x-powered-by":"Express","accept-ranges":"bytes","cache-control":"public, max-age=0","last-modified":"Sat, 26 Oct 1985 08:15:00 GMT","etag":"W/\"777-7438674ba0\""},"statusCode":304,"responseTime":"2ms"},"msg":"","time":"2019-04-29T22:49:44.992Z","v":0}
{"name":"Log","hostname":"ip-172-16-1-241","pid":29265,"level":30,"req":{"meta":{"requestId":"1552d550-6ad1-11e9-bd2d-818bf29ad70c","userId":null},"url":"/assets/built/screen.css?v=337dad6477","method":"GET","originalUrl":"/assets/built/screen.css?v=337dad6477","params":{},"headers":{"host":"ec2-3-90-34-22.compute-1.amazonaws.com:2368","connection":"keep-alive","dnt":"1","if-none-match":"W/\"9e68-7438674ba0\"","if-modified-since":"Sat, 26 Oct 1985 08:15:00 GMT","user-agent":"Mozilla/5.0 (Macintosh; Intel Mac OS X 10_14_4) AppleWebKit/537.36 (KHTML, like Gecko) Chrome/73.0.3683.86 Safari/537.36","accept":"text/css,*/*;q=0.1","referer":"http://ec2-3-90-34-22.compute-1.amazonaws.com:2368/admin-settings/","accept-encoding":"gzip, deflate","accept-language":"en-US,en;q=0.9","cookie":"**REDACTED**"},"query":{"v":"337dad6477"}},"res":{"_headers":{"x-powered-by":"Express","accept-ranges":"bytes","cache-control":"public, max-age=0","last-modified":"Sat, 26 Oct 1985 08:15:00 GMT","etag":"W/\"9e68-7438674ba0\""},"statusCode":304,"responseTime":"1ms"},"msg":"","time":"2019-04-29T22:49:44.999Z","v":0}
{"name":"Log","hostname":"ip-172-16-1-241","pid":29265,"level":40,"msg":"Ghost has shut down","time":"2019-04-29T22:50:41.440Z","v":0}
